<?xml version="1.0" encoding="UTF-8"?>
<!-- Generated by org.testng.reporters.JUnitXMLReporter -->
<testsuite hostname="EI-HO-QA-PC02" ignored="0" name="Command line test" tests="12" failures="0" timestamp="21 May 2020 11:06:31 GMT" time="7.775" errors="0">
  <testcase name="@BeforeClass setUp" time="7.725" classname="com.epps.sdms.test.SDMSMasters">
    <failure type="org.openqa.selenium.NoSuchWindowException" message="no such window: target window already closed
from unknown error: web view not found
  (Session info: chrome=78.0.3904.97)
  (Driver info: chromedriver=78.0.3904.105 (60e2d8774a8151efa6a00b1f358371b1e0e07ee2-refs/branch-heads/3904@{#877}),platform=Windows NT 10.0.18362 x86_64) (WARNING: The server did not provide any stacktrace information)
Command duration or timeout: 6 milliseconds
Build info: version: &amp;apos;2.52.0&amp;apos;, revision: &amp;apos;4c2593c&amp;apos;, time: &amp;apos;2016-02-11 19:06:42&amp;apos;
System info: host: &amp;apos;EI-HO-QA-PC02&amp;apos;, ip: &amp;apos;192.168.1.46&amp;apos;, os.name: &amp;apos;Windows 10&amp;apos;, os.arch: &amp;apos;amd64&amp;apos;, os.version: &amp;apos;10.0&amp;apos;, java.version: &amp;apos;1.8.0_131&amp;apos;
Driver info: org.openqa.selenium.chrome.ChromeDriver
Capabilities [{mobileEmulationEnabled=false, timeouts={implicit=0, pageLoad=300000, script=30000}, hasTouchScreen=false, platform=XP, acceptSslCerts=false, goog:chromeOptions={debuggerAddress=localhost:60737}, acceptInsecureCerts=false, webStorageEnabled=true, browserName=chrome, takesScreenshot=true, javascriptEnabled=true, setWindowRect=true, unexpectedAlertBehaviour=ignore, applicationCacheEnabled=false, rotatable=false, networkConnectionEnabled=false, chrome={chromedriverVersion=78.0.3904.105 (60e2d8774a8151efa6a00b1f358371b1e0e07ee2-refs/branch-heads/3904@{#877}), userDataDir=C:\Users\Epps1\AppData\Local\Temp\scoped_dir10060_367291833}, takesHeapSnapshot=true, pageLoadStrategy=normal, strictFileInteractability=false, databaseEnabled=false, handlesAlerts=true, version=78.0.3904.97, browserConnectionEnabled=false, proxy={}, nativeEvents=true, locationContextEnabled=true, cssSelectorsEnabled=true}]
Session ID: e684e66b224a464137ac9b488d3048e0
*** Element info: {Using=id, value=signInDivisionId}">
      <![CDATA[org.openqa.selenium.NoSuchWindowException: no such window: target window already closed
from unknown error: web view not found
  (Session info: chrome=78.0.3904.97)
  (Driver info: chromedriver=78.0.3904.105 (60e2d8774a8151efa6a00b1f358371b1e0e07ee2-refs/branch-heads/3904@{#877}),platform=Windows NT 10.0.18362 x86_64) (WARNING: The server did not provide any stacktrace information)
Command duration or timeout: 6 milliseconds
Build info: version: '2.52.0', revision: '4c2593c', time: '2016-02-11 19:06:42'
System info: host: 'EI-HO-QA-PC02', ip: '192.168.1.46', os.name: 'Windows 10', os.arch: 'amd64', os.version: '10.0', java.version: '1.8.0_131'
Driver info: org.openqa.selenium.chrome.ChromeDriver
Capabilities [{mobileEmulationEnabled=false, timeouts={implicit=0, pageLoad=300000, script=30000}, hasTouchScreen=false, platform=XP, acceptSslCerts=false, goog:chromeOptions={debuggerAddress=localhost:60737}, acceptInsecureCerts=false, webStorageEnabled=true, browserName=chrome, takesScreenshot=true, javascriptEnabled=true, setWindowRect=true, unexpectedAlertBehaviour=ignore, applicationCacheEnabled=false, rotatable=false, networkConnectionEnabled=false, chrome={chromedriverVersion=78.0.3904.105 (60e2d8774a8151efa6a00b1f358371b1e0e07ee2-refs/branch-heads/3904@{#877}), userDataDir=C:\Users\Epps1\AppData\Local\Temp\scoped_dir10060_367291833}, takesHeapSnapshot=true, pageLoadStrategy=normal, strictFileInteractability=false, databaseEnabled=false, handlesAlerts=true, version=78.0.3904.97, browserConnectionEnabled=false, proxy={}, nativeEvents=true, locationContextEnabled=true, cssSelectorsEnabled=true}]
Session ID: e684e66b224a464137ac9b488d3048e0
*** Element info: {Using=id, value=signInDivisionId}
at org.openqa.selenium.remote.ErrorHandler.createThrowable(ErrorHandler.java:206)
at org.openqa.selenium.remote.ErrorHandler.throwIfResponseFailed(ErrorHandler.java:158)
at org.openqa.selenium.remote.RemoteWebDriver.execute(RemoteWebDriver.java:678)
at org.openqa.selenium.remote.RemoteWebDriver.findElement(RemoteWebDriver.java:363)
at org.openqa.selenium.remote.RemoteWebDriver.findElementById(RemoteWebDriver.java:413)
at org.openqa.selenium.By$ById.findElement(By.java:218)
at org.openqa.selenium.remote.RemoteWebDriver.findElement(RemoteWebDriver.java:355)
at com.epps.common.util.AutoTestUtil.login(AutoTestUtil.java:107)
at com.epps.sdms.test.SDMSMasters.setUp(SDMSMasters.java:28)
at com.epps.frts.test.TestRunner.main(TestRunner.java:14)
... Removed 27 stack frames]]>
    </failure>
  </testcase> <!-- @BeforeClass setUp -->
  <testcase name="@BeforeMethod selectModule" time="0.0" classname="com.epps.sdms.test.SDMSMasters">
    <skipped/>
  </testcase> <!-- @BeforeMethod selectModule -->
  <testcase name="@AfterMethod takeScreenShotOnFailure" time="0.0" classname="com.epps.sdms.test.SDMSMasters">
    <skipped/>
  </testcase> <!-- @AfterMethod takeScreenShotOnFailure -->
  <testcase name="@BeforeMethod selectModule" time="0.0" classname="com.epps.sdms.test.SDMSMasters">
    <skipped/>
  </testcase> <!-- @BeforeMethod selectModule -->
  <testcase name="@AfterMethod takeScreenShotOnFailure" time="0.0" classname="com.epps.sdms.test.SDMSMasters">
    <skipped/>
  </testcase> <!-- @AfterMethod takeScreenShotOnFailure -->
  <testcase name="@BeforeMethod selectModule" time="0.0" classname="com.epps.sdms.test.SDMSMasters">
    <skipped/>
  </testcase> <!-- @BeforeMethod selectModule -->
  <testcase name="@AfterMethod takeScreenShotOnFailure" time="0.0" classname="com.epps.sdms.test.SDMSMasters">
    <skipped/>
  </testcase> <!-- @AfterMethod takeScreenShotOnFailure -->
  <testcase name="@BeforeMethod selectModule" time="0.0" classname="com.epps.sdms.test.SDMSMasters">
    <skipped/>
  </testcase> <!-- @BeforeMethod selectModule -->
  <testcase name="@AfterMethod takeScreenShotOnFailure" time="0.0" classname="com.epps.sdms.test.SDMSMasters">
    <skipped/>
  </testcase> <!-- @AfterMethod takeScreenShotOnFailure -->
  <testcase name="@BeforeMethod selectModule" time="0.0" classname="com.epps.sdms.test.SDMSMasters">
    <skipped/>
  </testcase> <!-- @BeforeMethod selectModule -->
  <testcase name="@AfterMethod takeScreenShotOnFailure" time="0.0" classname="com.epps.sdms.test.SDMSMasters">
    <skipped/>
  </testcase> <!-- @AfterMethod takeScreenShotOnFailure -->
  <testcase name="@BeforeMethod selectModule" time="0.0" classname="com.epps.sdms.test.SDMSMasters">
    <skipped/>
  </testcase> <!-- @BeforeMethod selectModule -->
  <testcase name="@AfterMethod takeScreenShotOnFailure" time="0.0" classname="com.epps.sdms.test.SDMSMasters">
    <skipped/>
  </testcase> <!-- @AfterMethod takeScreenShotOnFailure -->
  <testcase name="@BeforeMethod selectModule" time="0.0" classname="com.epps.sdms.test.SDMSMasters">
    <skipped/>
  </testcase> <!-- @BeforeMethod selectModule -->
  <testcase name="@AfterMethod takeScreenShotOnFailure" time="0.0" classname="com.epps.sdms.test.SDMSMasters">
    <skipped/>
  </testcase> <!-- @AfterMethod takeScreenShotOnFailure -->
  <testcase name="@BeforeMethod selectModule" time="0.0" classname="com.epps.sdms.test.SDMSMasters">
    <skipped/>
  </testcase> <!-- @BeforeMethod selectModule -->
  <testcase name="@AfterMethod takeScreenShotOnFailure" time="0.0" classname="com.epps.sdms.test.SDMSMasters">
    <skipped/>
  </testcase> <!-- @AfterMethod takeScreenShotOnFailure -->
  <testcase name="@BeforeMethod selectModule" time="0.0" classname="com.epps.sdms.test.SDMSMasters">
    <skipped/>
  </testcase> <!-- @BeforeMethod selectModule -->
  <testcase name="@AfterMethod takeScreenShotOnFailure" time="0.0" classname="com.epps.sdms.test.SDMSMasters">
    <skipped/>
  </testcase> <!-- @AfterMethod takeScreenShotOnFailure -->
  <testcase name="@BeforeMethod selectModule" time="0.0" classname="com.epps.sdms.test.SDMSMasters">
    <skipped/>
  </testcase> <!-- @BeforeMethod selectModule -->
  <testcase name="@AfterMethod takeScreenShotOnFailure" time="0.0" classname="com.epps.sdms.test.SDMSMasters">
    <skipped/>
  </testcase> <!-- @AfterMethod takeScreenShotOnFailure -->
  <testcase name="@BeforeMethod selectModule" time="0.0" classname="com.epps.sdms.test.SDMSMasters">
    <skipped/>
  </testcase> <!-- @BeforeMethod selectModule -->
  <testcase name="@AfterMethod takeScreenShotOnFailure" time="0.0" classname="com.epps.sdms.test.SDMSMasters">
    <skipped/>
  </testcase> <!-- @AfterMethod takeScreenShotOnFailure -->
  <testcase name="@BeforeMethod selectModule" time="0.0" classname="com.epps.sdms.test.SDMSMasters">
    <skipped/>
  </testcase> <!-- @BeforeMethod selectModule -->
  <testcase name="@AfterMethod takeScreenShotOnFailure" time="0.0" classname="com.epps.sdms.test.SDMSMasters">
    <skipped/>
  </testcase> <!-- @AfterMethod takeScreenShotOnFailure -->
  <testcase name="@AfterClass tearDown" time="0.0" classname="com.epps.sdms.test.SDMSMasters">
    <skipped/>
  </testcase> <!-- @AfterClass tearDown -->
  <testcase name="testCustomerConsigneeLink" time="0.0" classname="com.epps.sdms.test.SDMSMasters">
    <skipped/>
  </testcase> <!-- testCustomerConsigneeLink -->
  <testcase name="testItemToCustomerLinkMaster" time="0.0" classname="com.epps.sdms.test.SDMSMasters">
    <skipped/>
  </testcase> <!-- testItemToCustomerLinkMaster -->
  <testcase name="testPriceBook" time="0.0" classname="com.epps.sdms.test.SDMSMasters">
    <skipped/>
  </testcase> <!-- testPriceBook -->
  <testcase name="testPriceBookItemList" time="0.0" classname="com.epps.sdms.test.SDMSMasters">
    <skipped/>
  </testcase> <!-- testPriceBookItemList -->
  <testcase name="testApprovePriceBook" time="0.0" classname="com.epps.sdms.test.SDMSMasters">
    <skipped/>
  </testcase> <!-- testApprovePriceBook -->
  <testcase name="testVehicalMaster" time="0.0" classname="com.epps.sdms.test.SDMSMasters">
    <skipped/>
  </testcase> <!-- testVehicalMaster -->
  <testcase name="testVehicalInMaster" time="0.0" classname="com.epps.sdms.test.SDMSMasters">
    <skipped/>
  </testcase> <!-- testVehicalInMaster -->
  <testcase name="testVehicalOutMaster" time="0.0" classname="com.epps.sdms.test.SDMSMasters">
    <skipped/>
  </testcase> <!-- testVehicalOutMaster -->
  <testcase name="testCAMCSACutomerLink" time="0.0" classname="com.epps.sdms.test.SDMSMasters">
    <skipped/>
  </testcase> <!-- testCAMCSACutomerLink -->
  <testcase name="testLocationToCustomerLink" time="0.0" classname="com.epps.sdms.test.SDMSMasters">
    <skipped/>
  </testcase> <!-- testLocationToCustomerLink -->
  <testcase name="testSalesChannelMaster" time="0.0" classname="com.epps.sdms.test.SDMSMasters">
    <skipped/>
  </testcase> <!-- testSalesChannelMaster -->
  <testcase name="testExportInvoiceClause" time="0.0" classname="com.epps.sdms.test.SDMSMasters">
    <skipped/>
  </testcase> <!-- testExportInvoiceClause -->
</testsuite> <!-- Command line test -->
