<?xml version="1.0" encoding="UTF-8"?>
<!-- Generated by org.testng.reporters.JUnitReportReporter -->
<testsuite skipped="16" hostname="EI-HO-QA-PC02" name="com.epps.bpm.test.BusinessPolicyManagement" tests="18" failures="1" timestamp="01 Oct 2019 08:07:13 GMT" time="38.502" errors="1">
  <testcase name="selectModule" time="2.067" classname="com.epps.bpm.test.BusinessPolicyManagement">
    <error type="org.openqa.selenium.WebDriverException" message="element click intercepted: Element &lt;div class=&quot;caption&quot;&gt;...&lt;/div&gt; is not clickable at point (188, 10). Other element would receive the click: &lt;form class=&quot;navbar-form&quot;&gt;...&lt;/form&gt;
  (Session info: chrome=77.0.3865.90)
  (Driver info: chromedriver=76.0.3809.12 (220b19a666554bdcac56dff9ffd44c300842c933-refs/branch-heads/3809@{#83}),platform=Windows NT 10.0.17134 x86_64) (WARNING: The server did not provide any stacktrace information)
Command duration or timeout: 30 milliseconds
Build info: version: &#039;2.52.0&#039;, revision: &#039;4c2593c&#039;, time: &#039;2016-02-11 19:06:42&#039;
System info: host: &#039;EI-HO-QA-PC02&#039;, ip: &#039;192.168.56.1&#039;, os.name: &#039;Windows 10&#039;, os.arch: &#039;amd64&#039;, os.version: &#039;10.0&#039;, java.version: &#039;1.8.0_131&#039;
Driver info: org.openqa.selenium.chrome.ChromeDriver
Capabilities [{mobileEmulationEnabled=false, timeouts={implicit=0, pageLoad=300000, script=30000}, hasTouchScreen=false, platform=XP, acceptSslCerts=false, goog:chromeOptions={debuggerAddress=localhost:65466}, acceptInsecureCerts=false, webStorageEnabled=true, browserName=chrome, takesScreenshot=true, javascriptEnabled=true, setWindowRect=true, unexpectedAlertBehaviour=ignore, applicationCacheEnabled=false, rotatable=false, networkConnectionEnabled=false, chrome={chromedriverVersion=76.0.3809.12 (220b19a666554bdcac56dff9ffd44c300842c933-refs/branch-heads/3809@{#83}), userDataDir=C:\Users\Epps1\AppData\Local\Temp\scoped_dir16344_431000685}, takesHeapSnapshot=true, pageLoadStrategy=normal, strictFileInteractability=false, databaseEnabled=false, handlesAlerts=true, version=77.0.3865.90, browserConnectionEnabled=false, proxy={}, nativeEvents=true, locationContextEnabled=true, cssSelectorsEnabled=true}]
Session ID: 646a76496346134bcaf19af7476f0c80">
      <![CDATA[org.openqa.selenium.WebDriverException: element click intercepted: Element <div class="caption">...</div> is not clickable at point (188, 10). Other element would receive the click: <form class="navbar-form">...</form>
  (Session info: chrome=77.0.3865.90)
  (Driver info: chromedriver=76.0.3809.12 (220b19a666554bdcac56dff9ffd44c300842c933-refs/branch-heads/3809@{#83}),platform=Windows NT 10.0.17134 x86_64) (WARNING: The server did not provide any stacktrace information)
Command duration or timeout: 30 milliseconds
Build info: version: '2.52.0', revision: '4c2593c', time: '2016-02-11 19:06:42'
System info: host: 'EI-HO-QA-PC02', ip: '192.168.56.1', os.name: 'Windows 10', os.arch: 'amd64', os.version: '10.0', java.version: '1.8.0_131'
Driver info: org.openqa.selenium.chrome.ChromeDriver
Capabilities [{mobileEmulationEnabled=false, timeouts={implicit=0, pageLoad=300000, script=30000}, hasTouchScreen=false, platform=XP, acceptSslCerts=false, goog:chromeOptions={debuggerAddress=localhost:65466}, acceptInsecureCerts=false, webStorageEnabled=true, browserName=chrome, takesScreenshot=true, javascriptEnabled=true, setWindowRect=true, unexpectedAlertBehaviour=ignore, applicationCacheEnabled=false, rotatable=false, networkConnectionEnabled=false, chrome={chromedriverVersion=76.0.3809.12 (220b19a666554bdcac56dff9ffd44c300842c933-refs/branch-heads/3809@{#83}), userDataDir=C:\Users\Epps1\AppData\Local\Temp\scoped_dir16344_431000685}, takesHeapSnapshot=true, pageLoadStrategy=normal, strictFileInteractability=false, databaseEnabled=false, handlesAlerts=true, version=77.0.3865.90, browserConnectionEnabled=false, proxy={}, nativeEvents=true, locationContextEnabled=true, cssSelectorsEnabled=true}]
Session ID: 646a76496346134bcaf19af7476f0c80
at sun.reflect.NativeConstructorAccessorImpl.newInstance0(Native Method)
at sun.reflect.NativeConstructorAccessorImpl.newInstance(NativeConstructorAccessorImpl.java:62)
at sun.reflect.DelegatingConstructorAccessorImpl.newInstance(DelegatingConstructorAccessorImpl.java:45)
at java.lang.reflect.Constructor.newInstance(Constructor.java:423)
at org.openqa.selenium.remote.ErrorHandler.createThrowable(ErrorHandler.java:206)
at org.openqa.selenium.remote.ErrorHandler.throwIfResponseFailed(ErrorHandler.java:158)
at org.openqa.selenium.remote.RemoteWebDriver.execute(RemoteWebDriver.java:678)
at org.openqa.selenium.remote.RemoteWebElement.execute(RemoteWebElement.java:327)
at org.openqa.selenium.remote.RemoteWebElement.click(RemoteWebElement.java:85)
at com.epps.common.util.AutoTestUtil.beforeMethod(AutoTestUtil.java:937)
at com.epps.bpm.test.BusinessPolicyManagement.selectModule(BusinessPolicyManagement.java:51)
at sun.reflect.NativeMethodAccessorImpl.invoke0(Native Method)
at sun.reflect.NativeMethodAccessorImpl.invoke(NativeMethodAccessorImpl.java:62)
at sun.reflect.DelegatingMethodAccessorImpl.invoke(DelegatingMethodAccessorImpl.java:43)
at java.lang.reflect.Method.invoke(Method.java:498)
at org.testng.internal.MethodInvocationHelper.invokeMethod(MethodInvocationHelper.java:124)
at org.testng.internal.MethodInvocationHelper.invokeMethodConsideringTimeout(MethodInvocationHelper.java:59)
at org.testng.internal.Invoker.invokeConfigurationMethod(Invoker.java:458)
at org.testng.internal.Invoker.invokeConfigurations(Invoker.java:222)
at org.testng.internal.Invoker.invokeMethod(Invoker.java:523)
at org.testng.internal.Invoker.invokeTestMethod(Invoker.java:719)
at org.testng.internal.Invoker.invokeTestMethods(Invoker.java:989)
at org.testng.internal.TestMethodWorker.invokeTestMethods(TestMethodWorker.java:125)
at org.testng.internal.TestMethodWorker.run(TestMethodWorker.java:109)
at org.testng.TestRunner.privateRun(TestRunner.java:648)
at org.testng.TestRunner.run(TestRunner.java:505)
at org.testng.SuiteRunner.runTest(SuiteRunner.java:455)
at org.testng.SuiteRunner.runSequentially(SuiteRunner.java:450)
at org.testng.SuiteRunner.privateRun(SuiteRunner.java:415)
at org.testng.SuiteRunner.run(SuiteRunner.java:364)
at org.testng.SuiteRunnerWorker.runSuite(SuiteRunnerWorker.java:52)
at org.testng.SuiteRunnerWorker.run(SuiteRunnerWorker.java:84)
at org.testng.TestNG.runSuitesSequentially(TestNG.java:1208)
at org.testng.TestNG.runSuitesLocally(TestNG.java:1137)
at org.testng.TestNG.runSuites(TestNG.java:1049)
at org.testng.TestNG.run(TestNG.java:1017)
at org.testng.remote.AbstractRemoteTestNG.run(AbstractRemoteTestNG.java:114)
at org.testng.remote.RemoteTestNG.initAndRun(RemoteTestNG.java:251)
at org.testng.remote.RemoteTestNG.main(RemoteTestNG.java:77)
]]>
    </error>
  </testcase> <!-- selectModule -->
  <testcase name="tearDown" time="26.409" classname="com.epps.bpm.test.BusinessPolicyManagement">
    <failure type="java.lang.AssertionError" message="expected [true] but found [false]">
      <![CDATA[java.lang.AssertionError: expected [true] but found [false]
at org.testng.Assert.fail(Assert.java:96)
at org.testng.Assert.failNotEquals(Assert.java:776)
at org.testng.Assert.assertEqualsImpl(Assert.java:137)
at org.testng.Assert.assertEquals(Assert.java:118)
at org.testng.Assert.assertEquals(Assert.java:568)
at org.testng.Assert.assertEquals(Assert.java:578)
at com.epps.common.util.AutoTestUtil.tearDownMethod(AutoTestUtil.java:952)
at com.epps.bpm.test.BusinessPolicyManagement.tearDown(BusinessPolicyManagement.java:218)
at sun.reflect.NativeMethodAccessorImpl.invoke0(Native Method)
at sun.reflect.NativeMethodAccessorImpl.invoke(NativeMethodAccessorImpl.java:62)
at sun.reflect.DelegatingMethodAccessorImpl.invoke(DelegatingMethodAccessorImpl.java:43)
at java.lang.reflect.Method.invoke(Method.java:498)
at org.testng.internal.MethodInvocationHelper.invokeMethod(MethodInvocationHelper.java:124)
at org.testng.internal.MethodInvocationHelper.invokeMethodConsideringTimeout(MethodInvocationHelper.java:59)
at org.testng.internal.Invoker.invokeConfigurationMethod(Invoker.java:458)
at org.testng.internal.Invoker.invokeConfigurations(Invoker.java:222)
at org.testng.internal.Invoker.invokeConfigurations(Invoker.java:142)
at org.testng.internal.TestMethodWorker.invokeAfterClassMethods(TestMethodWorker.java:214)
at org.testng.internal.TestMethodWorker.run(TestMethodWorker.java:111)
at org.testng.TestRunner.privateRun(TestRunner.java:648)
at org.testng.TestRunner.run(TestRunner.java:505)
at org.testng.SuiteRunner.runTest(SuiteRunner.java:455)
at org.testng.SuiteRunner.runSequentially(SuiteRunner.java:450)
at org.testng.SuiteRunner.privateRun(SuiteRunner.java:415)
at org.testng.SuiteRunner.run(SuiteRunner.java:364)
at org.testng.SuiteRunnerWorker.runSuite(SuiteRunnerWorker.java:52)
at org.testng.SuiteRunnerWorker.run(SuiteRunnerWorker.java:84)
at org.testng.TestNG.runSuitesSequentially(TestNG.java:1208)
at org.testng.TestNG.runSuitesLocally(TestNG.java:1137)
at org.testng.TestNG.runSuites(TestNG.java:1049)
at org.testng.TestNG.run(TestNG.java:1017)
at org.testng.remote.AbstractRemoteTestNG.run(AbstractRemoteTestNG.java:114)
at org.testng.remote.RemoteTestNG.initAndRun(RemoteTestNG.java:251)
at org.testng.remote.RemoteTestNG.main(RemoteTestNG.java:77)
]]>
    </failure>
  </testcase> <!-- tearDown -->
  <testcase name="testCountryMaster" time="0.968" classname="com.epps.bpm.test.BusinessPolicyManagement">
    <skipped/>
  </testcase> <!-- testCountryMaster -->
  <testcase name="testStateMaster" time="0.606" classname="com.epps.bpm.test.BusinessPolicyManagement">
    <skipped/>
  </testcase> <!-- testStateMaster -->
  <testcase name="testCityMaster" time="0.615" classname="com.epps.bpm.test.BusinessPolicyManagement">
    <skipped/>
  </testcase> <!-- testCityMaster -->
  <testcase name="testPaymentTermMaster" time="0.607" classname="com.epps.bpm.test.BusinessPolicyManagement">
    <skipped/>
  </testcase> <!-- testPaymentTermMaster -->
  <testcase name="testDepartmentMaster" time="0.964" classname="com.epps.bpm.test.BusinessPolicyManagement">
    <skipped/>
  </testcase> <!-- testDepartmentMaster -->
  <testcase name="testLocationMaster" time="0.630" classname="com.epps.bpm.test.BusinessPolicyManagement">
    <skipped/>
  </testcase> <!-- testLocationMaster -->
  <testcase name="testDivisionMaster" time="0.616" classname="com.epps.bpm.test.BusinessPolicyManagement">
    <skipped/>
  </testcase> <!-- testDivisionMaster -->
  <testcase name="testFinancialYearMaster" time="0.615" classname="com.epps.bpm.test.BusinessPolicyManagement">
    <skipped/>
  </testcase> <!-- testFinancialYearMaster -->
  <testcase name="testRoleMaster" time="0.986" classname="com.epps.bpm.test.BusinessPolicyManagement">
    <skipped/>
  </testcase> <!-- testRoleMaster -->
  <testcase name="testCurrencyMaster" time="0.968" classname="com.epps.bpm.test.BusinessPolicyManagement">
    <skipped/>
  </testcase> <!-- testCurrencyMaster -->
  <testcase name="testUnitofMeasurement" time="0.625" classname="com.epps.bpm.test.BusinessPolicyManagement">
    <skipped/>
  </testcase> <!-- testUnitofMeasurement -->
  <testcase name="testCurrrencyRateMaster" time="0.610" classname="com.epps.bpm.test.BusinessPolicyManagement">
    <skipped/>
  </testcase> <!-- testCurrrencyRateMaster -->
  <testcase name="testScreenwiseParameter" time="0.607" classname="com.epps.bpm.test.BusinessPolicyManagement">
    <skipped/>
  </testcase> <!-- testScreenwiseParameter -->
  <testcase name="testEmailServerProperties" time="0.609" classname="com.epps.bpm.test.BusinessPolicyManagement">
    <skipped/>
  </testcase> <!-- testEmailServerProperties -->
  <testcase name="testResetPassword" time="0.000" classname="com.epps.bpm.test.BusinessPolicyManagement">
    <skipped/>
  </testcase> <!-- testResetPassword -->
  <testcase name="testChangePassword" time="0.000" classname="com.epps.bpm.test.BusinessPolicyManagement">
    <skipped/>
  </testcase> <!-- testChangePassword -->
</testsuite> <!-- com.epps.bpm.test.BusinessPolicyManagement -->
